[35m[Appium][39m Available drivers:
[35m[Appium][39m   - uiautomator2@3.5.1 (automationName 'UiAutomator2')
[35m[Appium][39m No plugins have been installed. Use the "appium plugin" command to install the one(s) you want to use.
[35m[HTTP][39m [37m-->[39m [37mPOST[39m [37m/session[39m
[35m[HTTP][39m [90m{"capabilities":{"alwaysMatch":{"platformName":"Android","appium:platformVersion":"14.0","appium:deviceName":"Pixel 4a API 34","appium:automationName":"UIAutomator2","appium:app":"C:\\wdio-projects\\webdriverio-appium-browserStack\\app\\android\\ColorNote Notepad.apk","appium:autoGrantPermissions":true},"firstMatch":[{}]},"desiredCapabilities":{"platformName":"Android","appium:platformVersion":"14.0","appium:deviceName":"Pixel 4a API 34","appium:automationName":"UIAutomator2","appium:app":"C:\\wdio-projects\\webdriverio-appium-browserStack\\app\\android\\ColorNote Notepad.apk","appium:autoGrantPermissions":true}}[39m
[debug] [35m[W3C][39m Calling AppiumDriver.createSession() with args: [{"platformName":"Android","appium:platformVersion":"14.0","appium:deviceName":"Pixel 4a API 34","appium:automationName":"UIAutomator2","appium:app":"C:\\wdio-projects\\webdriverio-appium-browserStack\\app\\android\\ColorNote Notepad.apk","appium:autoGrantPermissions":true},null,{"alwaysMatch":{"platformName":"Android","appium:platformVersion":"14.0","appium:deviceName":"Pixel 4a API 34","appium:automationName":"UIAutomator2","appium:app":"C:\\wdio-projects\\webdriverio-appium-browserStack\\app\\android\\ColorNote Notepad.apk","appium:autoGrantPermissions":true},"firstMatch":[{}]}]
[debug] [35m[BaseDriver][39m Event 'newSessionRequested' logged at 1717000363207 (22:02:43 GMT+0530 (India Standard Time))
[35m[Appium][39m Attempting to find matching driver for automationName 'UIAutomator2' and platformName 'Android'
[35m[Appium][39m The 'uiautomator2' driver was installed and matched caps.
[35m[Appium][39m Will require it at C:\Users\anusha_sasindran\.appium\appium-uiautomator2-driver\node_modules\appium-uiautomator2-driver
[35m[Appium][39m Appium v2.0.0-beta.23 creating new AndroidUiautomator2Driver (v3.5.1) session
[35m[Appium][39m Checking BaseDriver versions for Appium and AndroidUiautomator2Driver
[35m[Appium][39m Appium's BaseDriver version is 8.2.2
[35m[Appium][39m AndroidUiautomator2Driver's BaseDriver version is 9.6.0
[35m[Appium][39m Applying relaxed security to 'AndroidUiautomator2Driver' as per server command line argument. All insecure features will be enabled unless explicitly disabled by --deny-insecure
[debug] [35m[AndroidUiautomator2Driver@bde4][39m Creating session with W3C capabilities: {
[debug] [35m[AndroidUiautomator2Driver@bde4][39m   "alwaysMatch": {
[debug] [35m[AndroidUiautomator2Driver@bde4][39m     "platformName": "Android",
[debug] [35m[AndroidUiautomator2Driver@bde4][39m     "appium:platformVersion": "14.0",
[debug] [35m[AndroidUiautomator2Driver@bde4][39m     "appium:deviceName": "Pixel 4a API 34",
[debug] [35m[AndroidUiautomator2Driver@bde4][39m     "appium:automationName": "UIAutomator2",
[debug] [35m[AndroidUiautomator2Driver@bde4][39m     "appium:app": "C:\\wdio-projects\\webdriverio-appium-browserStack\\app\\android\\ColorNote Notepad.apk",
[debug] [35m[AndroidUiautomator2Driver@bde4][39m     "appium:autoGrantPermissions": true
[debug] [35m[AndroidUiautomator2Driver@bde4][39m   },
[debug] [35m[AndroidUiautomator2Driver@bde4][39m   "firstMatch": [
[debug] [35m[AndroidUiautomator2Driver@bde4][39m     {}
[debug] [35m[AndroidUiautomator2Driver@bde4][39m   ]
[debug] [35m[AndroidUiautomator2Driver@bde4][39m }
[35m[AndroidUiautomator2Driver@bde4 (b2feb34a)][39m Session created with session id: b2feb34a-8cd4-4833-8685-ec4c01c9efcd
[35m[ADB][39m Found 1 'build-tools' folders under 'C:\Users\anusha_sasindran\AppData\Local\Android\Sdk' (newest first):
[35m[ADB][39m     C:\Users\anusha_sasindran\AppData\Local\Android\Sdk\build-tools\34.0.0
[35m[ADB][39m Using 'adb.exe' from 'C:\Users\anusha_sasindran\AppData\Local\Android\Sdk\platform-tools\adb.exe'
[debug] [35m[ADB][39m Running 'C:\Users\anusha_sasindran\AppData\Local\Android\Sdk\platform-tools\adb.exe -P 5037 start-server'
[35m[AndroidUiautomator2Driver@bde4 (b2feb34a)][39m Retrieving device list
[debug] [35m[ADB][39m Trying to find connected Android devices
[debug] [35m[ADB][39m Getting connected devices
[debug] [35m[ADB][39m Connected devices: [{"udid":"emulator-5554","state":"device"}]
[35m[AndroidUiautomator2Driver@bde4 (b2feb34a)][39m Looking for a device with Android '14.0.0'
[debug] [35m[ADB][39m Setting device id to emulator-5554
[35m[ADB][39m Getting device platform version
[debug] [35m[ADB][39m Running 'C:\Users\anusha_sasindran\AppData\Local\Android\Sdk\platform-tools\adb.exe -P 5037 -s emulator-5554 shell getprop ro.build.version.release'
[debug] [35m[ADB][39m Current device property 'ro.build.version.release': 14
[35m[AndroidUiautomator2Driver@bde4 (b2feb34a)][39m Using device: emulator-5554
[35m[ADB][39m Using 'adb.exe' from 'C:\Users\anusha_sasindran\AppData\Local\Android\Sdk\platform-tools\adb.exe'
[debug] [35m[ADB][39m Running 'C:\Users\anusha_sasindran\AppData\Local\Android\Sdk\platform-tools\adb.exe -P 5037 start-server'
[debug] [35m[ADB][39m Setting device id to emulator-5554
[35m[BaseDriver][39m Using local app 'C:\wdio-projects\webdriverio-appium-browserStack\app\android\ColorNote Notepad.apk'
[debug] [35m[AndroidUiautomator2Driver@bde4 (b2feb34a)][39m Checking whether app is actually present
[debug] [35m[ADB][39m Running 'C:\Users\anusha_sasindran\AppData\Local\Android\Sdk\platform-tools\adb.exe -P 5037 -s emulator-5554 shell getprop ro.build.version.sdk'
[debug] [35m[ADB][39m Current device property 'ro.build.version.sdk': 34
[35m[ADB][39m Getting device platform version
[debug] [35m[ADB][39m Running 'C:\Users\anusha_sasindran\AppData\Local\Android\Sdk\platform-tools\adb.exe -P 5037 -s emulator-5554 shell getprop ro.build.version.release'
[debug] [35m[ADB][39m Current device property 'ro.build.version.release': 14
[debug] [35m[ADB][39m Device API level: 34
[35m[AndroidUiautomator2Driver@bde4 (b2feb34a)][39m Relaxing hidden api policy
[debug] [35m[ADB][39m Running 'C:\Users\anusha_sasindran\AppData\Local\Android\Sdk\platform-tools\adb.exe -P 5037 -s emulator-5554 shell 'settings put global hidden_api_policy_pre_p_apps 1;settings put global hidden_api_policy_p_apps 1;settings put global hidden_api_policy 1''
[debug] [35m[AndroidUiautomator2Driver@bde4 (b2feb34a)][39m Parsing package and activity from app manifest
[debug] [35m[ADB][39m Running 'C:\Users\anusha_sasindran\AppData\Local\Android\Sdk\platform-tools\adb.exe -P 5037 -s emulator-5554 wait-for-device'
[35m[ADB][39m Package name: 'com.socialnmobile.dictapps.notepad.color.note'
[35m[ADB][39m Main activity name: 'com.socialnmobile.colornote.activity.Main'
[debug] [35m[AndroidUiautomator2Driver@bde4 (b2feb34a)][39m Parsed package and activity are: com.socialnmobile.dictapps.notepad.color.note/com.socialnmobile.colornote.activity.Main
[debug] [35m[ADB][39m Running 'C:\Users\anusha_sasindran\AppData\Local\Android\Sdk\platform-tools\adb.exe -P 5037 -s emulator-5554 shell echo ping'
[debug] [35m[AndroidUiautomator2Driver@bde4 (b2feb34a)][39m Pushing settings apk to the device...
[debug] [35m[ADB][39m Getting package info for 'io.appium.settings'
[debug] [35m[ADB][39m Running 'C:\Users\anusha_sasindran\AppData\Local\Android\Sdk\platform-tools\adb.exe -P 5037 -s emulator-5554 shell dumpsys package io.appium.settings'
[debug] [35m[ADB][39m The version name of the installed 'io.appium.settings' is greater or equal to the application version name ('5.9.1' >= '5.9.1')
[debug] [35m[ADB][39m There is no need to install/upgrade 'C:\Users\anusha_sasindran\.appium\appium-uiautomator2-driver\node_modules\appium-uiautomator2-driver\node_modules\io.appium.settings\apks\settings_apk-debug.apk'
[debug] [35m[ADB][39m Running 'C:\Users\anusha_sasindran\AppData\Local\Android\Sdk\platform-tools\adb.exe -P 5037 -s emulator-5554 shell dumpsys activity services io.appium.settings'
[debug] [35m[AndroidUiautomator2Driver@bde4 (b2feb34a)][39m io.appium.settings is already running. There is no need to reset its permissions.
[debug] [35m[Logcat][39m Starting logs capture with command: C:\\Users\\anusha_sasindran\\AppData\\Local\\Android\\Sdk\\platform-tools\\adb.exe -P 5037 -s emulator-5554 logcat -v threadtime
[debug] [35m[AndroidUiautomator2Driver@bde4 (b2feb34a)][39m Forwarding UiAutomator2 Server port 6790 to local port 8200
[debug] [35m[ADB][39m Forwarding system: 8200 to device: 6790
[debug] [35m[ADB][39m Running 'C:\Users\anusha_sasindran\AppData\Local\Android\Sdk\platform-tools\adb.exe -P 5037 -s emulator-5554 forward tcp:8200 tcp:6790'
[debug] [35m[ADB][39m Getting package info for 'io.appium.uiautomator2.server'
[debug] [35m[ADB][39m Running 'C:\Users\anusha_sasindran\AppData\Local\Android\Sdk\platform-tools\adb.exe -P 5037 -s emulator-5554 shell dumpsys package io.appium.uiautomator2.server'
[debug] [35m[ADB][39m Getting install status for io.appium.uiautomator2.server.test
[debug] [35m[ADB][39m Checking app cert for C:\wdio-projects\webdriverio-appium-browserStack\app\android\ColorNote Notepad.apk
[debug] [35m[ADB][39m Running 'C:\Users\anusha_sasindran\AppData\Local\Android\Sdk\platform-tools\adb.exe -P 5037 -s emulator-5554 shell cmd package list packages'
[35m[ADB][39m Using 'apksigner.jar' from 'C:\Users\anusha_sasindran\AppData\Local\Android\Sdk\build-tools\34.0.0\lib\apksigner.jar'
[debug] [35m[ADB][39m Starting apksigner: 'C:\\Program Files\\Java\\jdk-11\\bin\\java.exe' -Xmx1024M -Xss1m -jar C:\\Users\\anusha_sasindran\\AppData\\Local\\Android\\Sdk\\build-tools\\34.0.0\\lib\\apksigner.jar verify --print-certs 'C:\\wdio-projects\\webdriverio-appium-browserStack\\app\\android\\ColorNote Notepad.apk'
[debug] [35m[ADB][39m 'io.appium.uiautomator2.server.test' is installed
[debug] [35m[ADB][39m The version name of the installed 'io.appium.uiautomator2.server' is greater or equal to the application version name ('7.0.7' >= '7.0.7')
[debug] [35m[AndroidUiautomator2Driver@bde4 (b2feb34a)][39m Server packages status: [{"installState":"sameVersionInstalled","appPath":"C:\\Users\\anusha_sasindran\\.appium\\appium-uiautomator2-driver\\node_modules\\appium-uiautomator2-driver\\node_modules\\appium-uiautomator2-server\\apks\\appium-uiautomator2-server-v7.0.7.apk","appId":"io.appium.uiautomator2.server"},{"installState":"sameVersionInstalled","appPath":"C:\\Users\\anusha_sasindran\\.appium\\appium-uiautomator2-driver\\node_modules\\appium-uiautomator2-driver\\node_modules\\appium-uiautomator2-server\\apks\\appium-uiautomator2-server-debug-androidTest.apk","appId":"io.appium.uiautomator2.server.test"}]
[35m[AndroidUiautomator2Driver@bde4 (b2feb34a)][39m Server packages are not going to be (re)installed
[debug] [35m[AndroidUiautomator2Driver@bde4 (b2feb34a)][39m Waiting up to 30000ms for services to be available
[debug] [35m[ADB][39m Running 'C:\Users\anusha_sasindran\AppData\Local\Android\Sdk\platform-tools\adb.exe -P 5037 -s emulator-5554 shell pm list instrumentation'
[debug] [35m[ADB][39m apksigner stdout: Signer #1 certificate DN: CN=socialnmobile, OU=android, O=socialnmobile, L=Unknown, ST=Unknown, C=Unknown
[debug] [35m[ADB][39m Signer #1 certificate SHA-256 digest: 4e92275e4f7853f3df65171071f0b6841b063520ee93d9bb2db647baec695b98
[debug] [35m[ADB][39m Signer #1 certificate SHA-1 digest: f4d8a67bf40879df79cbf1dc8b2999df74ebbf76
[debug] [35m[ADB][39m Signer #1 certificate MD5 digest: 8190fa0dfb1457782dbbe689beef98b7
[debug] [35m[ADB][39m 
[35m[ADB][39m 'C:\wdio-projects\webdriverio-appium-browserStack\app\android\ColorNote Notepad.apk' is signed with a non-default certificate
[debug] [35m[ADB][39m Getting package info for 'com.socialnmobile.dictapps.notepad.color.note'
[debug] [35m[ADB][39m Running 'C:\Users\anusha_sasindran\AppData\Local\Android\Sdk\platform-tools\adb.exe -P 5037 -s emulator-5554 shell dumpsys package com.socialnmobile.dictapps.notepad.color.note'
[debug] [35m[AndroidUiautomator2Driver@bde4 (b2feb34a)][39m Instrumentation target 'io.appium.uiautomator2.server.test/androidx.test.runner.AndroidJUnitRunner' is available
[35m[ADB][39m Adding packages ["io.appium.settings","io.appium.uiautomator2.server","io.appium.uiautomator2.server.test"] to Doze whitelist
[debug] [35m[ADB][39m Got the following command chunks to execute: [["dumpsys","deviceidle","whitelist","+io.appium.settings",";","dumpsys","deviceidle","whitelist","+io.appium.uiautomator2.server",";","dumpsys","deviceidle","whitelist","+io.appium.uiautomator2.server.test",";"]]
[debug] [35m[ADB][39m Running 'C:\Users\anusha_sasindran\AppData\Local\Android\Sdk\platform-tools\adb.exe -P 5037 -s emulator-5554 shell dumpsys deviceidle whitelist +io.appium.settings ; dumpsys deviceidle whitelist +io.appium.uiautomator2.server ; dumpsys deviceidle whitelist +io.appium.uiautomator2.server.test ;'
[debug] [35m[ADB][39m The version name of the installed 'com.socialnmobile.dictapps.notepad.color.note' is greater or equal to the application version name ('4.2.4' >= '4.2.4')
[debug] [35m[ADB][39m There is no need to install/upgrade 'C:\wdio-projects\webdriverio-appium-browserStack\app\android\ColorNote Notepad.apk'
[35m[AndroidUiautomator2Driver@bde4 (b2feb34a)][39m Performing fast reset on 'com.socialnmobile.dictapps.notepad.color.note'
[debug] [35m[ADB][39m Getting install status for com.socialnmobile.dictapps.notepad.color.note
[debug] [35m[ADB][39m Running 'C:\Users\anusha_sasindran\AppData\Local\Android\Sdk\platform-tools\adb.exe -P 5037 -s emulator-5554 shell cmd package list packages'
[debug] [35m[ADB][39m 'com.socialnmobile.dictapps.notepad.color.note' is installed
[debug] [35m[ADB][39m Running 'C:\Users\anusha_sasindran\AppData\Local\Android\Sdk\platform-tools\adb.exe -P 5037 -s emulator-5554 shell am force-stop com.socialnmobile.dictapps.notepad.color.note'
[debug] [35m[ADB][39m Running 'C:\Users\anusha_sasindran\AppData\Local\Android\Sdk\platform-tools\adb.exe -P 5037 -s emulator-5554 shell pm clear com.socialnmobile.dictapps.notepad.color.note'
[debug] [35m[ADB][39m Running 'C:\Users\anusha_sasindran\AppData\Local\Android\Sdk\platform-tools\adb.exe -P 5037 -s emulator-5554 shell dumpsys package com.socialnmobile.dictapps.notepad.color.note'
[debug] [35m[ADB][39m Retrieving requested permissions
[debug] [35m[ADB][39m Retrieved 21 permissions from requested group
[debug] [35m[ADB][39m Retrieving granted permissions
[debug] [35m[ADB][39m Retrieved 7 permissions from install,runtime groups
[debug] [35m[ADB][39m Granting permissions ["android.permission.WRITE_EXTERNAL_STORAGE","android.permission.POST_NOTIFICATIONS","android.permission.READ_EXTERNAL_STORAGE","android.permission.READ_MEDIA_AUDIO","android.permission.READ_MEDIA_VIDEO","android.permission.READ_MEDIA_IMAGES","android.permission.READ_MEDIA_VISUAL_USER_SELECTED"] to 'com.socialnmobile.dictapps.notepad.color.note'
[debug] [35m[ADB][39m Got the following command chunks to execute: [["pm","grant","com.socialnmobile.dictapps.notepad.color.note","android.permission.WRITE_EXTERNAL_STORAGE",";","pm","grant","com.socialnmobile.dictapps.notepad.color.note","android.permission.POST_NOTIFICATIONS",";","pm","grant","com.socialnmobile.dictapps.notepad.color.note","android.permission.READ_EXTERNAL_STORAGE",";","pm","grant","com.socialnmobile.dictapps.notepad.color.note","android.permission.READ_MEDIA_AUDIO",";","pm","grant","com.socialnmobile.dictapps.notepad.color.note","android.permission.READ_MEDIA_VIDEO",";","pm","grant","com.socialnmobile.dictapps.notepad.color.note","android.permission.READ_MEDIA_IMAGES",";","pm","grant","com.socialnmobile.dictapps.notepad.color.note","android.permission.READ_MEDIA_VISUAL_USER_SELECTED",";"]]
[debug] [35m[ADB][39m Running 'C:\Users\anusha_sasindran\AppData\Local\Android\Sdk\platform-tools\adb.exe -P 5037 -s emulator-5554 shell pm grant com.socialnmobile.dictapps.notepad.color.note android.permission.WRITE_EXTERNAL_STORAGE ; pm grant com.socialnmobile.dictapps.notepad.color.note android.permission.POST_NOTIFICATIONS ; pm grant com.socialnmobile.dictapps.notepad.color.note android.permission.READ_EXTERNAL_STORAGE ; pm grant com.socialnmobile.dictapps.notepad.color.note android.permission.READ_MEDIA_AUDIO ; pm grant com.socialnmobile.dictapps.notepad.color.note android.permission.READ_MEDIA_VIDEO ; pm grant com.socialnmobile.dictapps.notepad.color.note android.permission.READ_MEDIA_IMAGES ; pm grant com.socialnmobile.dictapps.notepad.color.note android.permission.READ_MEDIA_VISUAL_USER_SELECTED ;'
[debug] [35m[AndroidUiautomator2Driver@bde4 (b2feb34a)][39m Performed fast reset on the installed 'com.socialnmobile.dictapps.notepad.color.note' application (stop and clear)
[debug] [35m[AndroidUiautomator2Driver@bde4 (b2feb34a)][39m Performing shallow cleanup of automation leftovers
[debug] [35m[AndroidUiautomator2Driver@bde4 (b2feb34a)][39m No obsolete sessions have been detected (socket hang up)
[debug] [35m[ADB][39m Running 'C:\Users\anusha_sasindran\AppData\Local\Android\Sdk\platform-tools\adb.exe -P 5037 -s emulator-5554 shell am force-stop io.appium.uiautomator2.server.test'
[35m[AndroidUiautomator2Driver@bde4 (b2feb34a)][39m Starting UIAutomator2 server 7.0.7
[35m[AndroidUiautomator2Driver@bde4 (b2feb34a)][39m Using UIAutomator2 server from 'C:\Users\anusha_sasindran\.appium\appium-uiautomator2-driver\node_modules\appium-uiautomator2-driver\node_modules\appium-uiautomator2-server\apks\appium-uiautomator2-server-v7.0.7.apk' and test from 'C:\Users\anusha_sasindran\.appium\appium-uiautomator2-driver\node_modules\appium-uiautomator2-driver\node_modules\appium-uiautomator2-server\apks\appium-uiautomator2-server-debug-androidTest.apk'
[35m[AndroidUiautomator2Driver@bde4 (b2feb34a)][39m Waiting up to 30000ms for UiAutomator2 to be online...
[debug] [35m[ADB][39m Creating ADB subprocess with args: ["-P","5037","-s","emulator-5554","shell","am","instrument","-w","-e","disableAnalytics","true","io.appium.uiautomator2.server.test/androidx.test.runner.AndroidJUnitRunner"]
[debug] [35m[AndroidUiautomator2Driver@bde4 (b2feb34a)][39m Matched '/status' to command name 'getStatus'
[debug] [35m[AndroidUiautomator2Driver@bde4 (b2feb34a)][39m Proxying [GET /status] to [GET http://127.0.0.1:8200/status] with no body
[35m[AndroidUiautomator2Driver@bde4 (b2feb34a)][39m socket hang up
[debug] [35m[Instrumentation][39m io.appium.uiautomator2.server.test.AppiumUiAutomator2Server:
[debug] [35m[AndroidUiautomator2Driver@bde4 (b2feb34a)][39m Matched '/status' to command name 'getStatus'
[debug] [35m[AndroidUiautomator2Driver@bde4 (b2feb34a)][39m Proxying [GET /status] to [GET http://127.0.0.1:8200/status] with no body
[35m[AndroidUiautomator2Driver@bde4 (b2feb34a)][39m socket hang up
[debug] [35m[AndroidUiautomator2Driver@bde4 (b2feb34a)][39m Matched '/status' to command name 'getStatus'
[debug] [35m[AndroidUiautomator2Driver@bde4 (b2feb34a)][39m Proxying [GET /status] to [GET http://127.0.0.1:8200/status] with no body
[35m[AndroidUiautomator2Driver@bde4 (b2feb34a)][39m socket hang up
[debug] [35m[AndroidUiautomator2Driver@bde4 (b2feb34a)][39m Matched '/status' to command name 'getStatus'
[debug] [35m[AndroidUiautomator2Driver@bde4 (b2feb34a)][39m Proxying [GET /status] to [GET http://127.0.0.1:8200/status] with no body
[debug] [35m[AndroidUiautomator2Driver@bde4 (b2feb34a)][39m Got response with status 200: {"sessionId":"None","value":{"message":"UiAutomator2 Server is ready to accept commands","ready":true}}
[debug] [35m[AndroidUiautomator2Driver@bde4 (b2feb34a)][39m The initialization of the instrumentation process took 3293ms
[debug] [35m[AndroidUiautomator2Driver@bde4 (b2feb34a)][39m Matched '/session' to command name 'createSession'
[debug] [35m[AndroidUiautomator2Driver@bde4 (b2feb34a)][39m Proxying [POST /session] to [POST http://127.0.0.1:8200/session] with body: {"capabilities":{"firstMatch":[{"platformName":"Android","platformVersion":"14.0","deviceName":"emulator-5554","automationName":"UIAutomator2","app":"C:\\wdio-projects\\webdriverio-appium-browserStack\\app\\android\\ColorNote Notepad.apk","autoGrantPermissions":true,"platform":"LINUX","webStorageEnabled":false,"takesScreenshot":true,"javascriptEnabled":true,"databaseEnabled":false,"networkConnectionEnabled":true,"locationContextEnabled":false,"warnings":{},"desired":{"platformName":"Android","platformVersion":"14.0","deviceName":"Pixel 4a API 34","automationName":"UIAutomator2","app":"C:\\wdio-projects\\webdriverio-appium-browserStack\\app\\android\\ColorNote Notepad.apk","autoGrantPermissions":true},"deviceUDID":"emulator-5554","appPackage":"com.socialnmobile.dictapps.notepad.color.note"}],"alwaysMatch":{}}}
[debug] [35m[AndroidUiautomator2Driver@bde4 (b2feb34a)][39m Got response with status 200: {"sessionId":"ad1f458b-1a55-43ce-9bce-080521a0cb41","value":{"capabilities":{"firstMatch":[{"platformName":"Android","platformVersion":"14.0","deviceName":"emulator-5554","automationName":"UIAutomator2","app":"C:\\wdio-projects\\webdriverio-appium-browserStack\\app\\android\\ColorNote Notepad.apk","autoGrantPermissions":true,"platform":"LINUX","webStorageEnabled":false,"takesScreenshot":true,"javascriptEnabled":true,"databaseEnabled":false,"networkConnectionEnabled":true,"locationContextEnabled":false,"warnings":{},"desired":{"platformName":"Android","platformVersion":"14.0","deviceName":"Pixel 4a API 34","automationName":"UIAutomator2","app":"C:\\wdio-projects\\webdriverio-appium-browserStack\\app\\android\\ColorNote Notepad.apk","autoGrantPermissions":true},"deviceUDID":"emulator-5554","appPackage":"com.socialnmobile.dictapps.notepad.color.note"}],"alwaysMatch":{}},"sessionId":"ad1f458b-1a55-43ce-9bce-080521a0cb41"}}
[35m[AndroidUiautomator2Driver@bde4 (b2feb34a)][39m Determined the downstream protocol as 'W3C'
[debug] [35m[AndroidUiautomator2Driver@bde4 (b2feb34a)][39m Proxying [GET /appium/device/pixel_ratio] to [GET http://127.0.0.1:8200/session/ad1f458b-1a55-43ce-9bce-080521a0cb41/appium/device/pixel_ratio] with no body
[debug] [35m[AndroidUiautomator2Driver@bde4 (b2feb34a)][39m Matched '/appium/device/system_bars' to command name 'getSystemBars'
[debug] [35m[AndroidUiautomator2Driver@bde4 (b2feb34a)][39m Proxying [GET /appium/device/system_bars] to [GET http://127.0.0.1:8200/session/ad1f458b-1a55-43ce-9bce-080521a0cb41/appium/device/system_bars] with no body
[debug] [35m[AndroidUiautomator2Driver@bde4 (b2feb34a)][39m Matched '/window/current/size' to command name 'getWindowSize'
[debug] [35m[AndroidUiautomator2Driver@bde4 (b2feb34a)][39m Proxying [GET /window/current/size] to [GET http://127.0.0.1:8200/session/ad1f458b-1a55-43ce-9bce-080521a0cb41/window/current/size] with no body
[debug] [35m[AndroidUiautomator2Driver@bde4 (b2feb34a)][39m Proxying [GET /appium/device/info] to [GET http://127.0.0.1:8200/session/ad1f458b-1a55-43ce-9bce-080521a0cb41/appium/device/info] with no body
[debug] [35m[ADB][39m Running 'C:\Users\anusha_sasindran\AppData\Local\Android\Sdk\platform-tools\adb.exe -P 5037 -s emulator-5554 shell dumpsys window'
[debug] [35m[ADB][39m Running 'C:\Users\anusha_sasindran\AppData\Local\Android\Sdk\platform-tools\adb.exe -P 5037 -s emulator-5554 shell dumpsys power'
[debug] [35m[AndroidUiautomator2Driver@bde4 (b2feb34a)][39m Got response with status 200: {"sessionId":"ad1f458b-1a55-43ce-9bce-080521a0cb41","value":2.75}
[debug] [35m[AndroidUiautomator2Driver@bde4 (b2feb34a)][39m Got response with status 200: {"sessionId":"ad1f458b-1a55-43ce-9bce-080521a0cb41","value":{"height":2340,"width":1080}}
[debug] [35m[AndroidUiautomator2Driver@bde4 (b2feb34a)][39m Got response with status 200: {"sessionId":"ad1f458b-1a55-43ce-9bce-080521a0cb41","value":{"statusBar":136}}
[debug] [35m[AndroidUiautomator2Driver@bde4 (b2feb34a)][39m Got response with status 200: {"sessionId":"ad1f458b-1a55-43ce-9bce-080521a0cb41","value":{"androidId":"b6c4fb506cc1a522","apiVersion":"34","bluetooth":{"state":"ON"},"brand":"google","carrierName":"T-Mobile","displayDensity":440,"locale":"en_US","manufacturer":"Google","model":"sdk_gphone64_x86_64","networks":[{"capabilities":{"SSID":null,"linkDownBandwidthKbps":4300,"linkUpstreamBandwidthKbps":1800,"networkCapabilities":"NET_CAPABILITY_MMS,NET_CAPABILITY_SUPL,NET_CAPABILITY_DUN,NET_CAPABILITY_FOTA,NET_CAPABILITY_IMS,NET_CAPABILITY_CBS,NET_CAPABILITY_INTERNET,NET_CAPABILITY_NOT_RESTRICTED,NET_CAPABILITY_TRUSTED,NET_CAPABILITY_NOT_VPN,NET_CAPABILITY_VALIDATED,NET_CAPABILITY_NOT_ROAMING,NET_CAPABILITY_NOT_CONGESTED,NET_CAPABILITY_NOT_SUSPENDED","signalStrength":-2147483648,"transportTypes":"TRANSPORT_CELLULAR"},"detailedState":"CONNECTED","extraInfo":"epc.tmobile.com","isAvailable":true,"isConnected":true,"isFailover":false,"isRoaming":false,"state":"CONNECTED","subtype":10,"subtypeName":"HSPA","type":0,"typeName":"MOBILE"},{"capabiliti...
[35m[AndroidUiautomator2Driver@bde4 (b2feb34a)][39m Screen already unlocked, doing nothing
[35m[AndroidUiautomator2Driver@bde4 (b2feb34a)][39m Starting 'com.socialnmobile.dictapps.notepad.color.note/com.socialnmobile.colornote.activity.Main and waiting for 'com.socialnmobile.dictapps.notepad.color.note/com.socialnmobile.colornote.activity.Main'
[debug] [35m[ADB][39m Running 'C:\Users\anusha_sasindran\AppData\Local\Android\Sdk\platform-tools\adb.exe -P 5037 -s emulator-5554 shell am start -W -n com.socialnmobile.dictapps.notepad.color.note/com.socialnmobile.colornote.activity.Main -S -a android.intent.action.MAIN -c android.intent.category.LAUNCHER -f 0x10200000'
[debug] [35m[ADB][39m Waiting up to 20000ms for activity matching pkg: 'com.socialnmobile.dictapps.notepad.color.note' and activity: 'com.socialnmobile.colornote.activity.Main' to be focused
[debug] [35m[ADB][39m Possible activities, to be checked: 'com.socialnmobile.colornote.activity.Main', 'com.socialnmobile.dictapps.notepad.color.note.com.socialnmobile.colornote.activity.Main'
[debug] [35m[ADB][39m Getting focused package and activity
[debug] [35m[ADB][39m Running 'C:\Users\anusha_sasindran\AppData\Local\Android\Sdk\platform-tools\adb.exe -P 5037 -s emulator-5554 shell dumpsys window displays'
[debug] [35m[ADB][39m Found package: 'com.socialnmobile.dictapps.notepad.color.note' and fully qualified activity name : 'com.socialnmobile.colornote.activity.Main'
[35m[Appium][39m New AndroidUiautomator2Driver session created successfully, session b2feb34a-8cd4-4833-8685-ec4c01c9efcd added to master session list
[debug] [35m[BaseDriver][39m Event 'newSessionStarted' logged at 1717000371305 (22:02:51 GMT+0530 (India Standard Time))
[debug] [35m[W3C (b2feb34a)][39m Cached the protocol value 'W3C' for the new session b2feb34a-8cd4-4833-8685-ec4c01c9efcd
[debug] [35m[W3C (b2feb34a)][39m Responding to client with driver.createSession() result: {"capabilities":{"platformName":"Android","platformVersion":"14","deviceName":"emulator-5554","automationName":"UIAutomator2","app":"C:\\wdio-projects\\webdriverio-appium-browserStack\\app\\android\\ColorNote Notepad.apk","autoGrantPermissions":true,"platform":"LINUX","webStorageEnabled":false,"takesScreenshot":true,"javascriptEnabled":true,"databaseEnabled":false,"networkConnectionEnabled":true,"locationContextEnabled":false,"warnings":{},"desired":{"platformName":"Android","platformVersion":"14.0","deviceName":"Pixel 4a API 34","automationName":"UIAutomator2","app":"C:\\wdio-projects\\webdriverio-appium-browserStack\\app\\android\\ColorNote Notepad.apk","autoGrantPermissions":true},"deviceUDID":"emulator-5554","appPackage":"com.socialnmobile.dictapps.notepad.color.note","pixelRatio":"2.75","statBarHeight":136,"viewportRect":{"left":0,"top":136,"width":1080,"height":2204},"deviceApiLevel":34,"deviceManufacturer":"Google","deviceModel":"sdk_gphone64_x86_64","deviceScreenSize":"1080x2340","deviceScreenDensi...
[35m[HTTP][39m [37m<-- POST /session [39m[32m200[39m [90m8105 ms - 1091[39m
[35m[HTTP][39m [90m[39m
[35m[HTTP][39m [37m-->[39m [37mPOST[39m [37m/session/b2feb34a-8cd4-4833-8685-ec4c01c9efcd/element[39m
[35m[HTTP][39m [90m{"using":"xpath","value":"//*[@resource-id=\"com.socialnmobile.dictapps.notepad.color.note:id/btn_start_skip\"]"}[39m
[debug] [35m[W3C (b2feb34a)][39m Calling AppiumDriver.findElement() with args: ["xpath","//*[@resource-id=\"com.socialnmobile.dictapps.notepad.color.note:id/btn_start_skip\"]","b2feb34a-8cd4-4833-8685-ec4c01c9efcd"]
[debug] [35m[AndroidUiautomator2Driver@bde4 (b2feb34a)][39m Valid locator strategies for this request: xpath, id, class name, accessibility id, css selector, -android uiautomator
[debug] [35m[AndroidUiautomator2Driver@bde4 (b2feb34a)][39m Waiting up to 0 ms for condition
[debug] [35m[AndroidUiautomator2Driver@bde4 (b2feb34a)][39m Matched '/element' to command name 'findElement'
[debug] [35m[AndroidUiautomator2Driver@bde4 (b2feb34a)][39m Proxying [POST /element] to [POST http://127.0.0.1:8200/session/ad1f458b-1a55-43ce-9bce-080521a0cb41/element] with body: {"strategy":"xpath","selector":"//*[@resource-id=\"com.socialnmobile.dictapps.notepad.color.note:id/btn_start_skip\"]","context":"","multiple":false}
[debug] [35m[AndroidUiautomator2Driver@bde4 (b2feb34a)][39m Got response with status 200: {"sessionId":"ad1f458b-1a55-43ce-9bce-080521a0cb41","value":{"ELEMENT":"00000000-0000-00e9-ffff-ffff0000008f","element-6066-11e4-a52e-4f735466cecf":"00000000-0000-00e9-ffff-ffff0000008f"}}
[debug] [35m[W3C (b2feb34a)][39m Responding to client with driver.findElement() result: {"element-6066-11e4-a52e-4f735466cecf":"00000000-0000-00e9-ffff-ffff0000008f","ELEMENT":"00000000-0000-00e9-ffff-ffff0000008f"}
[35m[HTTP][39m [37m<-- POST /session/b2feb34a-8cd4-4833-8685-ec4c01c9efcd/element [39m[32m200[39m [90m2401 ms - 137[39m
[35m[HTTP][39m [90m[39m
[35m[HTTP][39m [37m-->[39m [37mPOST[39m [37m/session/b2feb34a-8cd4-4833-8685-ec4c01c9efcd/element/00000000-0000-00e9-ffff-ffff0000008f/click[39m
[35m[HTTP][39m [90m{}[39m
[debug] [35m[W3C (b2feb34a)][39m Calling AppiumDriver.click() with args: ["00000000-0000-00e9-ffff-ffff0000008f","b2feb34a-8cd4-4833-8685-ec4c01c9efcd"]
[debug] [35m[AndroidUiautomator2Driver@bde4 (b2feb34a)][39m Matched '/element/00000000-0000-00e9-ffff-ffff0000008f/click' to command name 'click'
[debug] [35m[AndroidUiautomator2Driver@bde4 (b2feb34a)][39m Proxying [POST /element/00000000-0000-00e9-ffff-ffff0000008f/click] to [POST http://127.0.0.1:8200/session/ad1f458b-1a55-43ce-9bce-080521a0cb41/element/00000000-0000-00e9-ffff-ffff0000008f/click] with body: {"element":"00000000-0000-00e9-ffff-ffff0000008f"}
[debug] [35m[AndroidUiautomator2Driver@bde4 (b2feb34a)][39m Got response with status 200: {"sessionId":"ad1f458b-1a55-43ce-9bce-080521a0cb41","value":null}
[debug] [35m[W3C (b2feb34a)][39m Responding to client with driver.click() result: null
[35m[HTTP][39m [37m<-- POST /session/b2feb34a-8cd4-4833-8685-ec4c01c9efcd/element/00000000-0000-00e9-ffff-ffff0000008f/click [39m[32m200[39m [90m327 ms - 14[39m
[35m[HTTP][39m [90m[39m
[35m[HTTP][39m [37m-->[39m [37mPOST[39m [37m/session/b2feb34a-8cd4-4833-8685-ec4c01c9efcd/element[39m
[35m[HTTP][39m [90m{"using":"xpath","value":"//*[@text=\"Add note\"]"}[39m
[debug] [35m[W3C (b2feb34a)][39m Calling AppiumDriver.findElement() with args: ["xpath","//*[@text=\"Add note\"]","b2feb34a-8cd4-4833-8685-ec4c01c9efcd"]
[debug] [35m[AndroidUiautomator2Driver@bde4 (b2feb34a)][39m Valid locator strategies for this request: xpath, id, class name, accessibility id, css selector, -android uiautomator
[debug] [35m[AndroidUiautomator2Driver@bde4 (b2feb34a)][39m Waiting up to 0 ms for condition
[debug] [35m[AndroidUiautomator2Driver@bde4 (b2feb34a)][39m Matched '/element' to command name 'findElement'
[debug] [35m[AndroidUiautomator2Driver@bde4 (b2feb34a)][39m Proxying [POST /element] to [POST http://127.0.0.1:8200/session/ad1f458b-1a55-43ce-9bce-080521a0cb41/element] with body: {"strategy":"xpath","selector":"//*[@text=\"Add note\"]","context":"","multiple":false}
[35m[AndroidUiautomator2Driver@bde4 (b2feb34a)][39m Got response with status 404: {"sessionId":"ad1f458b-1a55-43ce-9bce-080521a0cb41","value":{"error":"no such element","message":"An element could not be located on the page using the given search parameters","stacktrace":"io.appium.uiautomator2.common.exceptions.ElementNotFoundException: An element could not be located on the page using the given search parameters\n\tat io.appium.uiautomator2.utils.ElementLocationHelpers.findElement(ElementLocationHelpers.java:156)\n\tat io.appium.uiautomator2.handler.FindElement.safeHandle(FindElement.java:60)\n\tat io.appium.uiautomator2.handler.request.SafeRequestHandler.handle(SafeRequestHandler.java:59)\n\tat io.appium.uiautomator2.server.AppiumServlet.handleRequest(AppiumServlet.java:259)\n\tat io.appium.uiautomator2.server.AppiumServlet.handleHttpRequest(AppiumServlet.java:253)\n\tat io.appium.uiautomator2.http.ServerHandler.channelRead(ServerHandler.java:77)\n\tat io.netty.channel.AbstractChannelHandlerContext.invokeChannelRead(AbstractChannelHandlerContext.java:366)\n\tat io.netty.channel.Abstr...
[debug] [35m[W3C][39m Matched W3C error code 'no such element' to NoSuchElementError
[debug] [35m[W3C (b2feb34a)][39m Encountered internal error running command: NoSuchElementError: An element could not be located on the page using the given search parameters.
[debug] [35m[W3C (b2feb34a)][39m     at AndroidUiautomator2Driver.findElOrEls (C:\Users\anusha_sasindran\.appium\appium-uiautomator2-driver\node_modules\appium-uiautomator2-driver\node_modules\appium-android-driver\lib\commands\find.ts:86:11)
[debug] [35m[W3C (b2feb34a)][39m     at processTicksAndRejections (node:internal/process/task_queues:95:5)
[debug] [35m[W3C (b2feb34a)][39m     at AndroidUiautomator2Driver.findElOrElsWithProcessing (C:\Users\anusha_sasindran\.appium\appium-uiautomator2-driver\node_modules\appium-uiautomator2-driver\node_modules\@appium\base-driver\lib\basedriver\commands\find.ts:60:12)
[debug] [35m[W3C (b2feb34a)][39m     at AndroidUiautomator2Driver.findElement (C:\Users\anusha_sasindran\.appium\appium-uiautomator2-driver\node_modules\appium-uiautomator2-driver\node_modules\@appium\base-driver\lib\basedriver\commands\find.ts:75:12)
[35m[HTTP][39m [37m<-- POST /session/b2feb34a-8cd4-4833-8685-ec4c01c9efcd/element [39m[33m404[39m [90m479 ms - 1019[39m
[35m[HTTP][39m [90m[39m
[35m[HTTP][39m [37m-->[39m [37mPOST[39m [37m/session/b2feb34a-8cd4-4833-8685-ec4c01c9efcd/element[39m
[35m[HTTP][39m [90m{"using":"xpath","value":"//*[@text=\"Add note\"]"}[39m
[debug] [35m[W3C (b2feb34a)][39m Calling AppiumDriver.findElement() with args: ["xpath","//*[@text=\"Add note\"]","b2feb34a-8cd4-4833-8685-ec4c01c9efcd"]
[debug] [35m[AndroidUiautomator2Driver@bde4 (b2feb34a)][39m Valid locator strategies for this request: xpath, id, class name, accessibility id, css selector, -android uiautomator
[debug] [35m[AndroidUiautomator2Driver@bde4 (b2feb34a)][39m Waiting up to 0 ms for condition
[debug] [35m[AndroidUiautomator2Driver@bde4 (b2feb34a)][39m Matched '/element' to command name 'findElement'
[debug] [35m[AndroidUiautomator2Driver@bde4 (b2feb34a)][39m Proxying [POST /element] to [POST http://127.0.0.1:8200/session/ad1f458b-1a55-43ce-9bce-080521a0cb41/element] with body: {"strategy":"xpath","selector":"//*[@text=\"Add note\"]","context":"","multiple":false}
[debug] [35m[AndroidUiautomator2Driver@bde4 (b2feb34a)][39m Got response with status 200: {"sessionId":"ad1f458b-1a55-43ce-9bce-080521a0cb41","value":{"ELEMENT":"00000000-0000-00e8-ffff-ffff0000005b","element-6066-11e4-a52e-4f735466cecf":"00000000-0000-00e8-ffff-ffff0000005b"}}
[debug] [35m[W3C (b2feb34a)][39m Responding to client with driver.findElement() result: {"element-6066-11e4-a52e-4f735466cecf":"00000000-0000-00e8-ffff-ffff0000005b","ELEMENT":"00000000-0000-00e8-ffff-ffff0000005b"}
[35m[HTTP][39m [37m<-- POST /session/b2feb34a-8cd4-4833-8685-ec4c01c9efcd/element [39m[32m200[39m [90m784 ms - 137[39m
[35m[HTTP][39m [90m[39m
[35m[HTTP][39m [37m-->[39m [37mGET[39m [37m/session/b2feb34a-8cd4-4833-8685-ec4c01c9efcd/element/00000000-0000-00e8-ffff-ffff0000005b/displayed[39m
[35m[HTTP][39m [90m{}[39m
[debug] [35m[W3C (b2feb34a)][39m Calling AppiumDriver.elementDisplayed() with args: ["00000000-0000-00e8-ffff-ffff0000005b","b2feb34a-8cd4-4833-8685-ec4c01c9efcd"]
[debug] [35m[AndroidUiautomator2Driver@bde4 (b2feb34a)][39m Matched '/element/00000000-0000-00e8-ffff-ffff0000005b/attribute/displayed' to command name 'getAttribute'
[debug] [35m[AndroidUiautomator2Driver@bde4 (b2feb34a)][39m Proxying [GET /element/00000000-0000-00e8-ffff-ffff0000005b/attribute/displayed] to [GET http://127.0.0.1:8200/session/ad1f458b-1a55-43ce-9bce-080521a0cb41/element/00000000-0000-00e8-ffff-ffff0000005b/attribute/displayed] with no body
[debug] [35m[AndroidUiautomator2Driver@bde4 (b2feb34a)][39m Got response with status 200: {"sessionId":"ad1f458b-1a55-43ce-9bce-080521a0cb41","value":"true"}
[debug] [35m[W3C (b2feb34a)][39m Responding to client with driver.elementDisplayed() result: true
[35m[HTTP][39m [37m<-- GET /session/b2feb34a-8cd4-4833-8685-ec4c01c9efcd/element/00000000-0000-00e8-ffff-ffff0000005b/displayed [39m[32m200[39m [90m36 ms - 14[39m
[35m[HTTP][39m [90m[39m
[35m[HTTP][39m [37m-->[39m [37mPOST[39m [37m/session/b2feb34a-8cd4-4833-8685-ec4c01c9efcd/element[39m
[35m[HTTP][39m [90m{"using":"xpath","value":"//*[@text=\"Add note\"]"}[39m
[debug] [35m[W3C (b2feb34a)][39m Calling AppiumDriver.findElement() with args: ["xpath","//*[@text=\"Add note\"]","b2feb34a-8cd4-4833-8685-ec4c01c9efcd"]
[debug] [35m[AndroidUiautomator2Driver@bde4 (b2feb34a)][39m Valid locator strategies for this request: xpath, id, class name, accessibility id, css selector, -android uiautomator
[debug] [35m[AndroidUiautomator2Driver@bde4 (b2feb34a)][39m Waiting up to 0 ms for condition
[debug] [35m[AndroidUiautomator2Driver@bde4 (b2feb34a)][39m Matched '/element' to command name 'findElement'
[debug] [35m[AndroidUiautomator2Driver@bde4 (b2feb34a)][39m Proxying [POST /element] to [POST http://127.0.0.1:8200/session/ad1f458b-1a55-43ce-9bce-080521a0cb41/element] with body: {"strategy":"xpath","selector":"//*[@text=\"Add note\"]","context":"","multiple":false}
[debug] [35m[AndroidUiautomator2Driver@bde4 (b2feb34a)][39m Got response with status 200: {"sessionId":"ad1f458b-1a55-43ce-9bce-080521a0cb41","value":{"ELEMENT":"00000000-0000-00e8-ffff-ffff0000005b","element-6066-11e4-a52e-4f735466cecf":"00000000-0000-00e8-ffff-ffff0000005b"}}
[debug] [35m[W3C (b2feb34a)][39m Responding to client with driver.findElement() result: {"element-6066-11e4-a52e-4f735466cecf":"00000000-0000-00e8-ffff-ffff0000005b","ELEMENT":"00000000-0000-00e8-ffff-ffff0000005b"}
[35m[HTTP][39m [37m<-- POST /session/b2feb34a-8cd4-4833-8685-ec4c01c9efcd/element [39m[32m200[39m [90m116 ms - 137[39m
[35m[HTTP][39m [90m[39m
[35m[HTTP][39m [37m-->[39m [37mPOST[39m [37m/session/b2feb34a-8cd4-4833-8685-ec4c01c9efcd/element/00000000-0000-00e8-ffff-ffff0000005b/click[39m
[35m[HTTP][39m [90m{}[39m
[debug] [35m[W3C (b2feb34a)][39m Calling AppiumDriver.click() with args: ["00000000-0000-00e8-ffff-ffff0000005b","b2feb34a-8cd4-4833-8685-ec4c01c9efcd"]
[debug] [35m[AndroidUiautomator2Driver@bde4 (b2feb34a)][39m Matched '/element/00000000-0000-00e8-ffff-ffff0000005b/click' to command name 'click'
[debug] [35m[AndroidUiautomator2Driver@bde4 (b2feb34a)][39m Proxying [POST /element/00000000-0000-00e8-ffff-ffff0000005b/click] to [POST http://127.0.0.1:8200/session/ad1f458b-1a55-43ce-9bce-080521a0cb41/element/00000000-0000-00e8-ffff-ffff0000005b/click] with body: {"element":"00000000-0000-00e8-ffff-ffff0000005b"}
[debug] [35m[AndroidUiautomator2Driver@bde4 (b2feb34a)][39m Got response with status 200: {"sessionId":"ad1f458b-1a55-43ce-9bce-080521a0cb41","value":null}
[debug] [35m[W3C (b2feb34a)][39m Responding to client with driver.click() result: null
[35m[HTTP][39m [37m<-- POST /session/b2feb34a-8cd4-4833-8685-ec4c01c9efcd/element/00000000-0000-00e8-ffff-ffff0000005b/click [39m[32m200[39m [90m88 ms - 14[39m
[35m[HTTP][39m [90m[39m
[35m[HTTP][39m [37m-->[39m [37mPOST[39m [37m/session/b2feb34a-8cd4-4833-8685-ec4c01c9efcd/element[39m
[35m[HTTP][39m [90m{"using":"xpath","value":"//*[@text=\"Text\"]"}[39m
[debug] [35m[W3C (b2feb34a)][39m Calling AppiumDriver.findElement() with args: ["xpath","//*[@text=\"Text\"]","b2feb34a-8cd4-4833-8685-ec4c01c9efcd"]
[debug] [35m[AndroidUiautomator2Driver@bde4 (b2feb34a)][39m Valid locator strategies for this request: xpath, id, class name, accessibility id, css selector, -android uiautomator
[debug] [35m[AndroidUiautomator2Driver@bde4 (b2feb34a)][39m Waiting up to 0 ms for condition
[debug] [35m[AndroidUiautomator2Driver@bde4 (b2feb34a)][39m Matched '/element' to command name 'findElement'
[debug] [35m[AndroidUiautomator2Driver@bde4 (b2feb34a)][39m Proxying [POST /element] to [POST http://127.0.0.1:8200/session/ad1f458b-1a55-43ce-9bce-080521a0cb41/element] with body: {"strategy":"xpath","selector":"//*[@text=\"Text\"]","context":"","multiple":false}
[debug] [35m[AndroidUiautomator2Driver@bde4 (b2feb34a)][39m Got response with status 200: {"sessionId":"ad1f458b-1a55-43ce-9bce-080521a0cb41","value":{"ELEMENT":"00000000-0000-00ea-ffff-ffff000000ae","element-6066-11e4-a52e-4f735466cecf":"00000000-0000-00ea-ffff-ffff000000ae"}}
[debug] [35m[W3C (b2feb34a)][39m Responding to client with driver.findElement() result: {"element-6066-11e4-a52e-4f735466cecf":"00000000-0000-00ea-ffff-ffff000000ae","ELEMENT":"00000000-0000-00ea-ffff-ffff000000ae"}
[35m[HTTP][39m [37m<-- POST /session/b2feb34a-8cd4-4833-8685-ec4c01c9efcd/element [39m[32m200[39m [90m364 ms - 137[39m
[35m[HTTP][39m [90m[39m
[35m[HTTP][39m [37m-->[39m [37mPOST[39m [37m/session/b2feb34a-8cd4-4833-8685-ec4c01c9efcd/element/00000000-0000-00ea-ffff-ffff000000ae/click[39m
[35m[HTTP][39m [90m{}[39m
[debug] [35m[W3C (b2feb34a)][39m Calling AppiumDriver.click() with args: ["00000000-0000-00ea-ffff-ffff000000ae","b2feb34a-8cd4-4833-8685-ec4c01c9efcd"]
[debug] [35m[AndroidUiautomator2Driver@bde4 (b2feb34a)][39m Matched '/element/00000000-0000-00ea-ffff-ffff000000ae/click' to command name 'click'
[debug] [35m[AndroidUiautomator2Driver@bde4 (b2feb34a)][39m Proxying [POST /element/00000000-0000-00ea-ffff-ffff000000ae/click] to [POST http://127.0.0.1:8200/session/ad1f458b-1a55-43ce-9bce-080521a0cb41/element/00000000-0000-00ea-ffff-ffff000000ae/click] with body: {"element":"00000000-0000-00ea-ffff-ffff000000ae"}
[debug] [35m[AndroidUiautomator2Driver@bde4 (b2feb34a)][39m Got response with status 200: {"sessionId":"ad1f458b-1a55-43ce-9bce-080521a0cb41","value":null}
[debug] [35m[W3C (b2feb34a)][39m Responding to client with driver.click() result: null
[35m[HTTP][39m [37m<-- POST /session/b2feb34a-8cd4-4833-8685-ec4c01c9efcd/element/00000000-0000-00ea-ffff-ffff000000ae/click [39m[32m200[39m [90m2064 ms - 14[39m
[35m[HTTP][39m [90m[39m
[35m[HTTP][39m [37m-->[39m [37mPOST[39m [37m/session/b2feb34a-8cd4-4833-8685-ec4c01c9efcd/element[39m
[35m[HTTP][39m [90m{"using":"xpath","value":"//*[@text=\"Editing\"]"}[39m
[debug] [35m[W3C (b2feb34a)][39m Calling AppiumDriver.findElement() with args: ["xpath","//*[@text=\"Editing\"]","b2feb34a-8cd4-4833-8685-ec4c01c9efcd"]
[debug] [35m[AndroidUiautomator2Driver@bde4 (b2feb34a)][39m Valid locator strategies for this request: xpath, id, class name, accessibility id, css selector, -android uiautomator
[debug] [35m[AndroidUiautomator2Driver@bde4 (b2feb34a)][39m Waiting up to 0 ms for condition
[debug] [35m[AndroidUiautomator2Driver@bde4 (b2feb34a)][39m Matched '/element' to command name 'findElement'
[debug] [35m[AndroidUiautomator2Driver@bde4 (b2feb34a)][39m Proxying [POST /element] to [POST http://127.0.0.1:8200/session/ad1f458b-1a55-43ce-9bce-080521a0cb41/element] with body: {"strategy":"xpath","selector":"//*[@text=\"Editing\"]","context":"","multiple":false}
[debug] [35m[AndroidUiautomator2Driver@bde4 (b2feb34a)][39m Got response with status 200: {"sessionId":"ad1f458b-1a55-43ce-9bce-080521a0cb41","value":{"ELEMENT":"00000000-0000-00eb-ffff-ffff000000e0","element-6066-11e4-a52e-4f735466cecf":"00000000-0000-00eb-ffff-ffff000000e0"}}
[debug] [35m[W3C (b2feb34a)][39m Responding to client with driver.findElement() result: {"element-6066-11e4-a52e-4f735466cecf":"00000000-0000-00eb-ffff-ffff000000e0","ELEMENT":"00000000-0000-00eb-ffff-ffff000000e0"}
[35m[HTTP][39m [37m<-- POST /session/b2feb34a-8cd4-4833-8685-ec4c01c9efcd/element [39m[32m200[39m [90m204 ms - 137[39m
[35m[HTTP][39m [90m[39m
[35m[HTTP][39m [37m-->[39m [37mGET[39m [37m/session/b2feb34a-8cd4-4833-8685-ec4c01c9efcd/element/00000000-0000-00eb-ffff-ffff000000e0/displayed[39m
[35m[HTTP][39m [90m{}[39m
[debug] [35m[W3C (b2feb34a)][39m Calling AppiumDriver.elementDisplayed() with args: ["00000000-0000-00eb-ffff-ffff000000e0","b2feb34a-8cd4-4833-8685-ec4c01c9efcd"]
[debug] [35m[AndroidUiautomator2Driver@bde4 (b2feb34a)][39m Matched '/element/00000000-0000-00eb-ffff-ffff000000e0/attribute/displayed' to command name 'getAttribute'
[debug] [35m[AndroidUiautomator2Driver@bde4 (b2feb34a)][39m Proxying [GET /element/00000000-0000-00eb-ffff-ffff000000e0/attribute/displayed] to [GET http://127.0.0.1:8200/session/ad1f458b-1a55-43ce-9bce-080521a0cb41/element/00000000-0000-00eb-ffff-ffff000000e0/attribute/displayed] with no body
[debug] [35m[AndroidUiautomator2Driver@bde4 (b2feb34a)][39m Got response with status 200: {"sessionId":"ad1f458b-1a55-43ce-9bce-080521a0cb41","value":"true"}
[debug] [35m[W3C (b2feb34a)][39m Responding to client with driver.elementDisplayed() result: true
[35m[HTTP][39m [37m<-- GET /session/b2feb34a-8cd4-4833-8685-ec4c01c9efcd/element/00000000-0000-00eb-ffff-ffff000000e0/displayed [39m[32m200[39m [90m56 ms - 14[39m
[35m[HTTP][39m [90m[39m
[35m[HTTP][39m [37m-->[39m [37mPOST[39m [37m/session/b2feb34a-8cd4-4833-8685-ec4c01c9efcd/element[39m
[35m[HTTP][39m [90m{"using":"xpath","value":"//*[@resource-id=\"com.socialnmobile.dictapps.notepad.color.note:id/edit_title\"]"}[39m
[debug] [35m[W3C (b2feb34a)][39m Calling AppiumDriver.findElement() with args: ["xpath","//*[@resource-id=\"com.socialnmobile.dictapps.notepad.color.note:id/edit_title\"]","b2feb34a-8cd4-4833-8685-ec4c01c9efcd"]
[debug] [35m[AndroidUiautomator2Driver@bde4 (b2feb34a)][39m Valid locator strategies for this request: xpath, id, class name, accessibility id, css selector, -android uiautomator
[debug] [35m[AndroidUiautomator2Driver@bde4 (b2feb34a)][39m Waiting up to 0 ms for condition
[debug] [35m[AndroidUiautomator2Driver@bde4 (b2feb34a)][39m Matched '/element' to command name 'findElement'
[debug] [35m[AndroidUiautomator2Driver@bde4 (b2feb34a)][39m Proxying [POST /element] to [POST http://127.0.0.1:8200/session/ad1f458b-1a55-43ce-9bce-080521a0cb41/element] with body: {"strategy":"xpath","selector":"//*[@resource-id=\"com.socialnmobile.dictapps.notepad.color.note:id/edit_title\"]","context":"","multiple":false}
[debug] [35m[AndroidUiautomator2Driver@bde4 (b2feb34a)][39m Got response with status 200: {"sessionId":"ad1f458b-1a55-43ce-9bce-080521a0cb41","value":{"ELEMENT":"00000000-0000-00eb-ffff-ffff000000d6","element-6066-11e4-a52e-4f735466cecf":"00000000-0000-00eb-ffff-ffff000000d6"}}
[debug] [35m[W3C (b2feb34a)][39m Responding to client with driver.findElement() result: {"element-6066-11e4-a52e-4f735466cecf":"00000000-0000-00eb-ffff-ffff000000d6","ELEMENT":"00000000-0000-00eb-ffff-ffff000000d6"}
[35m[HTTP][39m [37m<-- POST /session/b2feb34a-8cd4-4833-8685-ec4c01c9efcd/element [39m[32m200[39m [90m157 ms - 137[39m
[35m[HTTP][39m [90m[39m
[35m[HTTP][39m [37m-->[39m [37mPOST[39m [37m/session/b2feb34a-8cd4-4833-8685-ec4c01c9efcd/element/00000000-0000-00eb-ffff-ffff000000d6/value[39m
[35m[HTTP][39m [90m{"text":"Anime List"}[39m
[debug] [35m[W3C (b2feb34a)][39m Calling AppiumDriver.setValue() with args: ["Anime List","00000000-0000-00eb-ffff-ffff000000d6","b2feb34a-8cd4-4833-8685-ec4c01c9efcd"]
[debug] [35m[AndroidUiautomator2Driver@bde4 (b2feb34a)][39m Matched '/element/00000000-0000-00eb-ffff-ffff000000d6/value' to command name 'setValue'
[debug] [35m[AndroidUiautomator2Driver@bde4 (b2feb34a)][39m Added 'value' property ["A","n","i","m","e"," ","L","i","s","t"] to 'setValue' request body
[debug] [35m[AndroidUiautomator2Driver@bde4 (b2feb34a)][39m Proxying [POST /element/00000000-0000-00eb-ffff-ffff000000d6/value] to [POST http://127.0.0.1:8200/session/ad1f458b-1a55-43ce-9bce-080521a0cb41/element/00000000-0000-00eb-ffff-ffff000000d6/value] with body: {"elementId":"00000000-0000-00eb-ffff-ffff000000d6","text":"Anime List","replace":false,"value":["A","n","i","m","e"," ","L","i","s","t"]}
[debug] [35m[AndroidUiautomator2Driver@bde4 (b2feb34a)][39m Got response with status 200: {"sessionId":"ad1f458b-1a55-43ce-9bce-080521a0cb41","value":null}
[debug] [35m[W3C (b2feb34a)][39m Responding to client with driver.setValue() result: null
[35m[HTTP][39m [37m<-- POST /session/b2feb34a-8cd4-4833-8685-ec4c01c9efcd/element/00000000-0000-00eb-ffff-ffff000000d6/value [39m[32m200[39m [90m66 ms - 14[39m
[35m[HTTP][39m [90m[39m
[35m[HTTP][39m [37m-->[39m [37mPOST[39m [37m/session/b2feb34a-8cd4-4833-8685-ec4c01c9efcd/element[39m
[35m[HTTP][39m [90m{"using":"xpath","value":"//*[@resource-id=\"com.socialnmobile.dictapps.notepad.color.note:id/edit_note\"]"}[39m
[debug] [35m[W3C (b2feb34a)][39m Calling AppiumDriver.findElement() with args: ["xpath","//*[@resource-id=\"com.socialnmobile.dictapps.notepad.color.note:id/edit_note\"]","b2feb34a-8cd4-4833-8685-ec4c01c9efcd"]
[debug] [35m[AndroidUiautomator2Driver@bde4 (b2feb34a)][39m Valid locator strategies for this request: xpath, id, class name, accessibility id, css selector, -android uiautomator
[debug] [35m[AndroidUiautomator2Driver@bde4 (b2feb34a)][39m Waiting up to 0 ms for condition
[debug] [35m[AndroidUiautomator2Driver@bde4 (b2feb34a)][39m Matched '/element' to command name 'findElement'
[debug] [35m[AndroidUiautomator2Driver@bde4 (b2feb34a)][39m Proxying [POST /element] to [POST http://127.0.0.1:8200/session/ad1f458b-1a55-43ce-9bce-080521a0cb41/element] with body: {"strategy":"xpath","selector":"//*[@resource-id=\"com.socialnmobile.dictapps.notepad.color.note:id/edit_note\"]","context":"","multiple":false}
[debug] [35m[AndroidUiautomator2Driver@bde4 (b2feb34a)][39m Got response with status 200: {"sessionId":"ad1f458b-1a55-43ce-9bce-080521a0cb41","value":{"ELEMENT":"00000000-0000-00eb-ffff-ffff000000e7","element-6066-11e4-a52e-4f735466cecf":"00000000-0000-00eb-ffff-ffff000000e7"}}
[debug] [35m[W3C (b2feb34a)][39m Responding to client with driver.findElement() result: {"element-6066-11e4-a52e-4f735466cecf":"00000000-0000-00eb-ffff-ffff000000e7","ELEMENT":"00000000-0000-00eb-ffff-ffff000000e7"}
[35m[HTTP][39m [37m<-- POST /session/b2feb34a-8cd4-4833-8685-ec4c01c9efcd/element [39m[32m200[39m [90m591 ms - 137[39m
[35m[HTTP][39m [90m[39m
[35m[HTTP][39m [37m-->[39m [37mPOST[39m [37m/session/b2feb34a-8cd4-4833-8685-ec4c01c9efcd/element/00000000-0000-00eb-ffff-ffff000000e7/value[39m
[35m[HTTP][39m [90m{"text":"Naruto\nOnePiece\nAOT"}[39m
[debug] [35m[W3C (b2feb34a)][39m Calling AppiumDriver.setValue() with args: ["Naruto\nOnePiece\nAOT","00000000-0000-00eb-ffff-ffff000000e7","b2feb34a-8cd4-4833-8685-ec4c01c9efcd"]
[debug] [35m[AndroidUiautomator2Driver@bde4 (b2feb34a)][39m Matched '/element/00000000-0000-00eb-ffff-ffff000000e7/value' to command name 'setValue'
[debug] [35m[AndroidUiautomator2Driver@bde4 (b2feb34a)][39m Added 'value' property ["N","a","r","u","t","o","\n","O","n","e","P","i","e","c","e","\n","A","O","T"] to 'setValue' request body
[debug] [35m[AndroidUiautomator2Driver@bde4 (b2feb34a)][39m Proxying [POST /element/00000000-0000-00eb-ffff-ffff000000e7/value] to [POST http://127.0.0.1:8200/session/ad1f458b-1a55-43ce-9bce-080521a0cb41/element/00000000-0000-00eb-ffff-ffff000000e7/value] with body: {"elementId":"00000000-0000-00eb-ffff-ffff000000e7","text":"Naruto\nOnePiece\nAOT","replace":false,"value":["N","a","r","u","t","o","\n","O","n","e","P","i","e","c","e","\n","A","O","T"]}
[debug] [35m[AndroidUiautomator2Driver@bde4 (b2feb34a)][39m Got response with status 200: {"sessionId":"ad1f458b-1a55-43ce-9bce-080521a0cb41","value":null}
[debug] [35m[W3C (b2feb34a)][39m Responding to client with driver.setValue() result: null
[35m[HTTP][39m [37m<-- POST /session/b2feb34a-8cd4-4833-8685-ec4c01c9efcd/element/00000000-0000-00eb-ffff-ffff000000e7/value [39m[32m200[39m [90m43 ms - 14[39m
[35m[HTTP][39m [90m[39m
[35m[HTTP][39m [37m-->[39m [37mPOST[39m [37m/session/b2feb34a-8cd4-4833-8685-ec4c01c9efcd/back[39m
[35m[HTTP][39m [90m{}[39m
[35m[W3C (b2feb34a)][39m Driver proxy active, passing request on via HTTP proxy
[debug] [35m[AndroidUiautomator2Driver@bde4 (b2feb34a)][39m Matched '/session/b2feb34a-8cd4-4833-8685-ec4c01c9efcd/back' to command name 'back'
[debug] [35m[AndroidUiautomator2Driver@bde4 (b2feb34a)][39m Proxying [POST /session/b2feb34a-8cd4-4833-8685-ec4c01c9efcd/back] to [POST http://127.0.0.1:8200/session/ad1f458b-1a55-43ce-9bce-080521a0cb41/back] with body: {}
[debug] [35m[AndroidUiautomator2Driver@bde4 (b2feb34a)][39m Got response with status 200: {"sessionId":"ad1f458b-1a55-43ce-9bce-080521a0cb41","value":null}
[35m[AndroidUiautomator2Driver@bde4 (b2feb34a)][39m Replacing sessionId ad1f458b-1a55-43ce-9bce-080521a0cb41 with b2feb34a-8cd4-4833-8685-ec4c01c9efcd
[35m[HTTP][39m [37m<-- POST /session/b2feb34a-8cd4-4833-8685-ec4c01c9efcd/back [39m[32m200[39m [90m883 ms - 65[39m
[35m[HTTP][39m [90m[39m
[35m[HTTP][39m [37m-->[39m [37mPOST[39m [37m/session/b2feb34a-8cd4-4833-8685-ec4c01c9efcd/back[39m
[35m[HTTP][39m [90m{}[39m
[35m[W3C (b2feb34a)][39m Driver proxy active, passing request on via HTTP proxy
[debug] [35m[AndroidUiautomator2Driver@bde4 (b2feb34a)][39m Matched '/session/b2feb34a-8cd4-4833-8685-ec4c01c9efcd/back' to command name 'back'
[debug] [35m[AndroidUiautomator2Driver@bde4 (b2feb34a)][39m Proxying [POST /session/b2feb34a-8cd4-4833-8685-ec4c01c9efcd/back] to [POST http://127.0.0.1:8200/session/ad1f458b-1a55-43ce-9bce-080521a0cb41/back] with body: {}
[debug] [35m[AndroidUiautomator2Driver@bde4 (b2feb34a)][39m Got response with status 200: {"sessionId":"ad1f458b-1a55-43ce-9bce-080521a0cb41","value":null}
[35m[AndroidUiautomator2Driver@bde4 (b2feb34a)][39m Replacing sessionId ad1f458b-1a55-43ce-9bce-080521a0cb41 with b2feb34a-8cd4-4833-8685-ec4c01c9efcd
[35m[HTTP][39m [37m<-- POST /session/b2feb34a-8cd4-4833-8685-ec4c01c9efcd/back [39m[32m200[39m [90m1295 ms - 65[39m
[35m[HTTP][39m [90m[39m
[35m[HTTP][39m [37m-->[39m [37mPOST[39m [37m/session/b2feb34a-8cd4-4833-8685-ec4c01c9efcd/element[39m
[35m[HTTP][39m [90m{"using":"xpath","value":"//*[@resource-id=\"com.socialnmobile.dictapps.notepad.color.note:id/edit_btn\"]"}[39m
[debug] [35m[W3C (b2feb34a)][39m Calling AppiumDriver.findElement() with args: ["xpath","//*[@resource-id=\"com.socialnmobile.dictapps.notepad.color.note:id/edit_btn\"]","b2feb34a-8cd4-4833-8685-ec4c01c9efcd"]
[debug] [35m[AndroidUiautomator2Driver@bde4 (b2feb34a)][39m Valid locator strategies for this request: xpath, id, class name, accessibility id, css selector, -android uiautomator
[debug] [35m[AndroidUiautomator2Driver@bde4 (b2feb34a)][39m Waiting up to 0 ms for condition
[debug] [35m[AndroidUiautomator2Driver@bde4 (b2feb34a)][39m Matched '/element' to command name 'findElement'
[debug] [35m[AndroidUiautomator2Driver@bde4 (b2feb34a)][39m Proxying [POST /element] to [POST http://127.0.0.1:8200/session/ad1f458b-1a55-43ce-9bce-080521a0cb41/element] with body: {"strategy":"xpath","selector":"//*[@resource-id=\"com.socialnmobile.dictapps.notepad.color.note:id/edit_btn\"]","context":"","multiple":false}
[debug] [35m[AndroidUiautomator2Driver@bde4 (b2feb34a)][39m Got response with status 200: {"sessionId":"ad1f458b-1a55-43ce-9bce-080521a0cb41","value":{"ELEMENT":"00000000-0000-00eb-ffff-ffff000000d8","element-6066-11e4-a52e-4f735466cecf":"00000000-0000-00eb-ffff-ffff000000d8"}}
[debug] [35m[W3C (b2feb34a)][39m Responding to client with driver.findElement() result: {"element-6066-11e4-a52e-4f735466cecf":"00000000-0000-00eb-ffff-ffff000000d8","ELEMENT":"00000000-0000-00eb-ffff-ffff000000d8"}
[35m[HTTP][39m [37m<-- POST /session/b2feb34a-8cd4-4833-8685-ec4c01c9efcd/element [39m[32m200[39m [90m1187 ms - 137[39m
[35m[HTTP][39m [90m[39m
[35m[HTTP][39m [37m-->[39m [37mGET[39m [37m/session/b2feb34a-8cd4-4833-8685-ec4c01c9efcd/element/00000000-0000-00eb-ffff-ffff000000d8/displayed[39m
[35m[HTTP][39m [90m{}[39m
[debug] [35m[W3C (b2feb34a)][39m Calling AppiumDriver.elementDisplayed() with args: ["00000000-0000-00eb-ffff-ffff000000d8","b2feb34a-8cd4-4833-8685-ec4c01c9efcd"]
[debug] [35m[AndroidUiautomator2Driver@bde4 (b2feb34a)][39m Matched '/element/00000000-0000-00eb-ffff-ffff000000d8/attribute/displayed' to command name 'getAttribute'
[debug] [35m[AndroidUiautomator2Driver@bde4 (b2feb34a)][39m Proxying [GET /element/00000000-0000-00eb-ffff-ffff000000d8/attribute/displayed] to [GET http://127.0.0.1:8200/session/ad1f458b-1a55-43ce-9bce-080521a0cb41/element/00000000-0000-00eb-ffff-ffff000000d8/attribute/displayed] with no body
[debug] [35m[AndroidUiautomator2Driver@bde4 (b2feb34a)][39m Got response with status 200: {"sessionId":"ad1f458b-1a55-43ce-9bce-080521a0cb41","value":"true"}
[debug] [35m[W3C (b2feb34a)][39m Responding to client with driver.elementDisplayed() result: true
[35m[HTTP][39m [37m<-- GET /session/b2feb34a-8cd4-4833-8685-ec4c01c9efcd/element/00000000-0000-00eb-ffff-ffff000000d8/displayed [39m[32m200[39m [90m33 ms - 14[39m
[35m[HTTP][39m [90m[39m
[35m[HTTP][39m [37m-->[39m [37mPOST[39m [37m/session/b2feb34a-8cd4-4833-8685-ec4c01c9efcd/element[39m
[35m[HTTP][39m [90m{"using":"xpath","value":"//*[@resource-id=\"com.socialnmobile.dictapps.notepad.color.note:id/view_note\"]"}[39m
[debug] [35m[W3C (b2feb34a)][39m Calling AppiumDriver.findElement() with args: ["xpath","//*[@resource-id=\"com.socialnmobile.dictapps.notepad.color.note:id/view_note\"]","b2feb34a-8cd4-4833-8685-ec4c01c9efcd"]
[debug] [35m[AndroidUiautomator2Driver@bde4 (b2feb34a)][39m Valid locator strategies for this request: xpath, id, class name, accessibility id, css selector, -android uiautomator
[debug] [35m[AndroidUiautomator2Driver@bde4 (b2feb34a)][39m Waiting up to 0 ms for condition
[debug] [35m[AndroidUiautomator2Driver@bde4 (b2feb34a)][39m Matched '/element' to command name 'findElement'
[debug] [35m[AndroidUiautomator2Driver@bde4 (b2feb34a)][39m Proxying [POST /element] to [POST http://127.0.0.1:8200/session/ad1f458b-1a55-43ce-9bce-080521a0cb41/element] with body: {"strategy":"xpath","selector":"//*[@resource-id=\"com.socialnmobile.dictapps.notepad.color.note:id/view_note\"]","context":"","multiple":false}
[debug] [35m[AndroidUiautomator2Driver@bde4 (b2feb34a)][39m Got response with status 200: {"sessionId":"ad1f458b-1a55-43ce-9bce-080521a0cb41","value":{"ELEMENT":"00000000-0000-00eb-ffff-ffff000000e8","element-6066-11e4-a52e-4f735466cecf":"00000000-0000-00eb-ffff-ffff000000e8"}}
[debug] [35m[W3C (b2feb34a)][39m Responding to client with driver.findElement() result: {"element-6066-11e4-a52e-4f735466cecf":"00000000-0000-00eb-ffff-ffff000000e8","ELEMENT":"00000000-0000-00eb-ffff-ffff000000e8"}
[35m[HTTP][39m [37m<-- POST /session/b2feb34a-8cd4-4833-8685-ec4c01c9efcd/element [39m[32m200[39m [90m106 ms - 137[39m
[35m[HTTP][39m [90m[39m
[35m[HTTP][39m [37m-->[39m [37mGET[39m [37m/session/b2feb34a-8cd4-4833-8685-ec4c01c9efcd/element/00000000-0000-00eb-ffff-ffff000000e8/text[39m
[35m[HTTP][39m [90m{}[39m
[35m[W3C (b2feb34a)][39m Driver proxy active, passing request on via HTTP proxy
[debug] [35m[AndroidUiautomator2Driver@bde4 (b2feb34a)][39m Matched '/session/b2feb34a-8cd4-4833-8685-ec4c01c9efcd/element/00000000-0000-00eb-ffff-ffff000000e8/text' to command name 'getText'
[debug] [35m[AndroidUiautomator2Driver@bde4 (b2feb34a)][39m Proxying [GET /session/b2feb34a-8cd4-4833-8685-ec4c01c9efcd/element/00000000-0000-00eb-ffff-ffff000000e8/text] to [GET http://127.0.0.1:8200/session/ad1f458b-1a55-43ce-9bce-080521a0cb41/element/00000000-0000-00eb-ffff-ffff000000e8/text] with no body
[debug] [35m[AndroidUiautomator2Driver@bde4 (b2feb34a)][39m Got response with status 200: {"sessionId":"ad1f458b-1a55-43ce-9bce-080521a0cb41","value":"Naruto\nOnePiece\nAOT"}
[35m[AndroidUiautomator2Driver@bde4 (b2feb34a)][39m Replacing sessionId ad1f458b-1a55-43ce-9bce-080521a0cb41 with b2feb34a-8cd4-4833-8685-ec4c01c9efcd
[35m[HTTP][39m [37m<-- GET /session/b2feb34a-8cd4-4833-8685-ec4c01c9efcd/element/00000000-0000-00eb-ffff-ffff000000e8/text [39m[32m200[39m [90m29 ms - 84[39m
[35m[HTTP][39m [90m[39m
[35m[HTTP][39m [37m-->[39m [37mDELETE[39m [37m/session/b2feb34a-8cd4-4833-8685-ec4c01c9efcd[39m
[35m[HTTP][39m [90m{}[39m
[debug] [35m[W3C (b2feb34a)][39m Calling AppiumDriver.deleteSession() with args: ["b2feb34a-8cd4-4833-8685-ec4c01c9efcd"]
[debug] [35m[BaseDriver][39m Event 'quitSessionRequested' logged at 1717000382914 (22:03:02 GMT+0530 (India Standard Time))
[35m[Appium][39m Removing session b2feb34a-8cd4-4833-8685-ec4c01c9efcd from our master session list
[debug] [35m[AndroidUiautomator2Driver@bde4 (b2feb34a)][39m Deleting UiAutomator2 session
[debug] [35m[AndroidUiautomator2Driver@bde4 (b2feb34a)][39m Deleting UiAutomator2 server session
[debug] [35m[AndroidUiautomator2Driver@bde4 (b2feb34a)][39m Matched '/' to command name 'deleteSession'
[debug] [35m[AndroidUiautomator2Driver@bde4 (b2feb34a)][39m Proxying [DELETE /] to [DELETE http://127.0.0.1:8200/session/ad1f458b-1a55-43ce-9bce-080521a0cb41] with no body
[debug] [35m[AndroidUiautomator2Driver@bde4 (b2feb34a)][39m Got response with status 200: {"sessionId":"ad1f458b-1a55-43ce-9bce-080521a0cb41","value":null}
[debug] [35m[ADB][39m Running 'C:\Users\anusha_sasindran\AppData\Local\Android\Sdk\platform-tools\adb.exe -P 5037 -s emulator-5554 shell dumpsys activity services io.appium.settings/.recorder.RecorderService'
[debug] [35m[ADB][39m Running 'C:\Users\anusha_sasindran\AppData\Local\Android\Sdk\platform-tools\adb.exe -P 5037 -s emulator-5554 shell am force-stop com.socialnmobile.dictapps.notepad.color.note'
[debug] [35m[Logcat][39m Stopping logcat capture
[debug] [35m[ADB][39m Removing forwarded port socket connection: 8200 
[debug] [35m[ADB][39m Running 'C:\Users\anusha_sasindran\AppData\Local\Android\Sdk\platform-tools\adb.exe -P 5037 -s emulator-5554 forward --remove tcp:8200'
[35m[AndroidUiautomator2Driver@bde4 (b2feb34a)][39m Restoring hidden api policy to the device default configuration
[debug] [35m[ADB][39m Running 'C:\Users\anusha_sasindran\AppData\Local\Android\Sdk\platform-tools\adb.exe -P 5037 -s emulator-5554 shell 'settings delete global hidden_api_policy_pre_p_apps;settings delete global hidden_api_policy_p_apps;settings delete global hidden_api_policy''
[debug] [35m[Instrumentation][39m .
[debug] [35m[BaseDriver][39m Event 'quitSessionFinished' logged at 1717000383463 (22:03:03 GMT+0530 (India Standard Time))
[debug] [35m[W3C (b2feb34a)][39m Received response: null
[debug] [35m[W3C (b2feb34a)][39m But deleting session, so not returning
[debug] [35m[W3C (b2feb34a)][39m Responding to client with driver.deleteSession() result: null
[35m[HTTP][39m [37m<-- DELETE /session/b2feb34a-8cd4-4833-8685-ec4c01c9efcd [39m[32m200[39m [90m551 ms - 14[39m
[35m[HTTP][39m [90m[39m
[debug] [35m[Instrumentation][39m Time: 16.142
[debug] [35m[Instrumentation][39m 
[debug] [35m[Instrumentation][39m OK (1 test)
[debug] [35m[Instrumentation][39m The process has exited with code 0
